0 info it worked if it ends with ok
1 verbose cli [ 'C:\\Program Files\\nodejs\\node.exe',
1 verbose cli   'C:\\Program Files\\nodejs\\node_modules\\npm\\bin\\npm-cli.js',
1 verbose cli   'install',
1 verbose cli   'animate.css',
1 verbose cli   '--save' ]
2 info using npm@3.10.10
3 info using node@v6.10.0
4 silly loadCurrentTree Starting
5 silly install loadCurrentTree
6 silly install readLocalPackageData
7 silly fetchPackageMetaData animate.css
8 silly fetchOtherPackageData animate.css
9 silly cache add args [ 'animate.css', null ]
10 verbose cache add spec animate.css
11 silly cache add parsed spec Result {
11 silly cache add   raw: 'animate.css',
11 silly cache add   scope: null,
11 silly cache add   escapedName: 'animate.css',
11 silly cache add   name: null,
11 silly cache add   rawSpec: 'animate.css',
11 silly cache add   spec: 'C:\\Users\\Sibusiso.Gabuza\\Desktop\\sibusiso.github.io\\css\\animate.css',
11 silly cache add   type: 'local' }
12 silly addLocalTarball shasum (computed) b6fd60d18ef742ea5f6979df0cddb35791c4fbe5
13 verbose addTmpTarball C:\Users\Sibusiso.Gabuza\Desktop\sibusiso.github.io\css\animate.css not in flight; adding
14 verbose correctMkdir C:\Users\Sibusiso.Gabuza\AppData\Roaming\npm-cache correctMkdir not in flight; initializing
15 verbose addTmpTarball validating metadata from C:\Users\Sibusiso.Gabuza\Desktop\sibusiso.github.io\css\animate.css
16 verbose tar unpack C:\Users\Sibusiso.Gabuza\Desktop\sibusiso.github.io\css\animate.css
17 verbose tar unpacking to C:\Users\SIBUSI~1.GAB\AppData\Local\Temp\npm-9556-c10d0285\unpack-b474f753
18 silly gentlyRm C:\Users\SIBUSI~1.GAB\AppData\Local\Temp\npm-9556-c10d0285\unpack-b474f753 is being purged
19 verbose gentlyRm don't care about contents; nuking C:\Users\SIBUSI~1.GAB\AppData\Local\Temp\npm-9556-c10d0285\unpack-b474f753
20 silly gunzTarPerm modes [ '777', '666' ]
21 error not a package C:\Users\Sibusiso.Gabuza\Desktop\sibusiso.github.io\css\animate.css
22 error addLocal Could not install C:\Users\Sibusiso.Gabuza\Desktop\sibusiso.github.io\css\animate.css
23 silly fetchPackageMetaData Error: ENOENT: no such file or directory, open 'C:\Users\SIBUSI~1.GAB\AppData\Local\Temp\npm-9556-c10d0285\unpack-b474f753\package.json'
23 silly fetchPackageMetaData     at Error (native)
23 silly fetchPackageMetaData  error for animate.css { Error: ENOENT: no such file or directory, open 'C:\Users\SIBUSI~1.GAB\AppData\Local\Temp\npm-9556-c10d0285\unpack-b474f753\package.json'
23 silly fetchPackageMetaData     at Error (native)
23 silly fetchPackageMetaData   errno: -4058,
23 silly fetchPackageMetaData   code: 'ENOENT',
23 silly fetchPackageMetaData   syscall: 'open',
23 silly fetchPackageMetaData   path: 'C:\\Users\\SIBUSI~1.GAB\\AppData\\Local\\Temp\\npm-9556-c10d0285\\unpack-b474f753\\package.json' }
24 silly rollbackFailedOptional Starting
25 silly rollbackFailedOptional Finishing
26 silly runTopLevelLifecycles Finishing
27 silly install printInstalled
28 verbose stack Error: ENOENT: no such file or directory, open 'C:\Users\SIBUSI~1.GAB\AppData\Local\Temp\npm-9556-c10d0285\unpack-b474f753\package.json'
28 verbose stack     at Error (native)
29 verbose cwd C:\Users\Sibusiso.Gabuza\Desktop\sibusiso.github.io\css
30 error Windows_NT 6.1.7601
31 error argv "C:\\Program Files\\nodejs\\node.exe" "C:\\Program Files\\nodejs\\node_modules\\npm\\bin\\npm-cli.js" "install" "animate.css" "--save"
32 error node v6.10.0
33 error npm  v3.10.10
34 error path C:\Users\SIBUSI~1.GAB\AppData\Local\Temp\npm-9556-c10d0285\unpack-b474f753\package.json
35 error code ENOENT
36 error errno -4058
37 error syscall open
38 error enoent ENOENT: no such file or directory, open 'C:\Users\SIBUSI~1.GAB\AppData\Local\Temp\npm-9556-c10d0285\unpack-b474f753\package.json'
39 error enoent ENOENT: no such file or directory, open 'C:\Users\SIBUSI~1.GAB\AppData\Local\Temp\npm-9556-c10d0285\unpack-b474f753\package.json'
39 error enoent This is most likely not a problem with npm itself
39 error enoent and is related to npm not being able to find a file.
40 verbose exit [ -4058, true ]
