86282 silly rollbackFailedOptional Finishing
86283 silly runTopLevelLifecycles Finishing
86284 silly install printInstalled
86285 warn optional SKIPPING OPTIONAL DEPENDENCY: fsevents@^1.0.0 (node_modules\chokidar\node_modules\fsevents):
86286 warn notsup SKIPPING OPTIONAL DEPENDENCY: Unsupported platform for fsevents@1.1.2: wanted {"os":"darwin","arch":"any"} (current: {"os":"win32","arch":"x64"})
86287 verbose notsup SKIPPING OPTIONAL DEPENDENCY: Valid OS:    darwin
86287 verbose notsup SKIPPING OPTIONAL DEPENDENCY: Valid Arch:  any
86287 verbose notsup SKIPPING OPTIONAL DEPENDENCY: Actual OS:   win32
86287 verbose notsup SKIPPING OPTIONAL DEPENDENCY: Actual Arch: x64
86288 warn freelancer@3.3.7 license should be a valid SPDX license expression
86289 verbose If you need help, you may report this error at:
86289 verbose     <https://github.com/npm/npm/issues>
86290 warn optional SKIPPING OPTIONAL DEPENDENCY: grpc@1.3.8 (node_modules\grpc):
86291 warn optional SKIPPING OPTIONAL DEPENDENCY: grpc@1.3.8 install: `node-pre-gyp install --fallback-to-build --library=static_library`
86291 warn optional SKIPPING OPTIONAL DEPENDENCY: spawn C:\Windows\system32\cmd.exe; ENOENT
86292 verbose optional SKIPPING OPTIONAL DEPENDENCY:
86292 verbose optional Failed at the grpc@1.3.8 install script 'node-pre-gyp install --fallback-to-build --library=static_library'.
86292 verbose optional SKIPPING OPTIONAL DEPENDENCY: Make sure you have the latest version of node.js and npm installed.
86292 verbose optional SKIPPING OPTIONAL DEPENDENCY: If you do, this is most likely a problem with the grpc package,
86292 verbose optional SKIPPING OPTIONAL DEPENDENCY: not with npm itself.
86292 verbose optional SKIPPING OPTIONAL DEPENDENCY: Tell the author that this fails on your system:
86292 verbose optional SKIPPING OPTIONAL DEPENDENCY:     node-pre-gyp install --fallback-to-build --library=static_library
86292 verbose optional SKIPPING OPTIONAL DEPENDENCY: You can get information on how to open an issue for this project with:
86292 verbose optional SKIPPING OPTIONAL DEPENDENCY:     npm bugs grpc
86292 verbose optional SKIPPING OPTIONAL DEPENDENCY: Or if that isn't available, you can get their info via:
86292 verbose optional SKIPPING OPTIONAL DEPENDENCY:     npm owner ls grpc
86292 verbose optional SKIPPING OPTIONAL DEPENDENCY: There is likely additional logging output above.
86293 warn optional SKIPPING OPTIONAL DEPENDENCY: grpc@1.3.8 (node_modules\grpc):
86294 warn optional SKIPPING OPTIONAL DEPENDENCY: grpc@1.3.8 install: `node-pre-gyp install --fallback-to-build --library=static_library`
86294 warn optional SKIPPING OPTIONAL DEPENDENCY: Exit status -4058
86295 verbose optional SKIPPING OPTIONAL DEPENDENCY:
86295 verbose optional Failed at the grpc@1.3.8 install script 'node-pre-gyp install --fallback-to-build --library=static_library'.
86295 verbose optional SKIPPING OPTIONAL DEPENDENCY: Make sure you have the latest version of node.js and npm installed.
86295 verbose optional SKIPPING OPTIONAL DEPENDENCY: If you do, this is most likely a problem with the grpc package,
86295 verbose optional SKIPPING OPTIONAL DEPENDENCY: not with npm itself.
86295 verbose optional SKIPPING OPTIONAL DEPENDENCY: Tell the author that this fails on your system:
86295 verbose optional SKIPPING OPTIONAL DEPENDENCY:     node-pre-gyp install --fallback-to-build --library=static_library
86295 verbose optional SKIPPING OPTIONAL DEPENDENCY: You can get information on how to open an issue for this project with:
86295 verbose optional SKIPPING OPTIONAL DEPENDENCY:     npm bugs grpc
86295 verbose optional SKIPPING OPTIONAL DEPENDENCY: Or if that isn't available, you can get their info via:
86295 verbose optional SKIPPING OPTIONAL DEPENDENCY:     npm owner ls grpc
86295 verbose optional SKIPPING OPTIONAL DEPENDENCY: There is likely additional logging output above.
86296 verbose stack Error: Callback called more than once.
86296 verbose stack     at errorHandler (C:\Program Files\nodejs\node_modules\npm\lib\utils\error-handler.js:112:16)
86296 verbose stack     at C:\Program Files\nodejs\node_modules\npm\lib\install.js:312:7
86296 verbose stack     at LOOP (C:\Program Files\nodejs\node_modules\npm\node_modules\slide\lib\chain.js:7:26)
86296 verbose stack     at C:\Program Files\nodejs\node_modules\npm\node_modules\slide\lib\chain.js:18:7
86296 verbose stack     at C:\Program Files\nodejs\node_modules\npm\lib\install\and-ignore-errors.js:7:15
86296 verbose stack     at Function.ls.fromTree (C:\Program Files\nodejs\node_modules\npm\lib\ls.js:112:3)
86296 verbose stack     at C:\Program Files\nodejs\node_modules\npm\lib\install.js:707:8
86296 verbose stack     at C:\Program Files\nodejs\node_modules\npm\node_modules\iferr\index.js:13:50
86296 verbose stack     at C:\Program Files\nodejs\node_modules\npm\lib\install\deps.js:175:5
86296 verbose stack     at LOOP (C:\Program Files\nodejs\node_modules\npm\node_modules\slide\lib\chain.js:7:26)
86297 verbose cwd C:\Users\Sibusiso.Gabuza\Desktop\sibusiso.github.io
86298 error Windows_NT 6.1.7601
86299 error argv "C:\\Program Files\\nodejs\\node.exe" "C:\\Program Files\\nodejs\\node_modules\\npm\\bin\\npm-cli.js" "install" "firebase-tools"
86300 error node v6.10.0
86301 error npm  v3.10.10
86302 error Callback called more than once.
86303 error If you need help, you may report this error at:
86303 error     <https://github.com/npm/npm/issues>
86304 verbose exit [ 1, true ]
